# JRE version: Java(TM) SE Runtime Environment 18.9 (11.0.10+8) (build 11.0.10+8-LTS-162)
# Java VM: Java HotSpot(TM) 64-Bit Server VM 18.9 (11.0.10+8-LTS-162, mixed mode, tiered, compressed oops, g1 gc, windows-amd64)
Heap:
 garbage-first heap   total 129024K, used 37792K [0x0000000082200000, 0x0000000100000000)
  region size 1024K, 32 young (32768K), 6 survivors (6144K)
 Metaspace       used 39000K, capacity 40093K, committed 40368K, reserved 1085440K
  class space    used 4546K, capacity 5015K, committed 5120K, reserved 1048576K
GC Heap History (10 events):
Event: 1.398 GC heap before
{Heap before GC invocations=0 (full 0):
 garbage-first heap   total 129024K, used 13312K [0x0000000082200000, 0x0000000100000000)
  region size 1024K, 14 young (14336K), 0 survivors (0K)
 Metaspace       used 10404K, capacity 10613K, committed 10880K, reserved 1058816K
  class space    used 966K, capacity 1026K, committed 1152K, reserved 1048576K
}
Event: 1.447 GC heap after
{Heap after GC invocations=1 (full 0):
 garbage-first heap   total 129024K, used 4356K [0x0000000082200000, 0x0000000100000000)
  region size 1024K, 2 young (2048K), 2 survivors (2048K)
 Metaspace       used 10404K, capacity 10613K, committed 10880K, reserved 1058816K
  class space    used 966K, capacity 1026K, committed 1152K, reserved 1048576K
}
Event: 3.504 GC heap before
{Heap before GC invocations=1 (full 0):
 garbage-first heap   total 129024K, used 46340K [0x0000000082200000, 0x0000000100000000)
  region size 1024K, 45 young (46080K), 2 survivors (2048K)
 Metaspace       used 20642K, capacity 21150K, committed 21296K, reserved 1069056K
  class space    used 2224K, capacity 2430K, committed 2432K, reserved 1048576K
}
Event: 3.524 GC heap after
{Heap after GC invocations=2 (full 0):
 garbage-first heap   total 129024K, used 6688K [0x0000000082200000, 0x0000000100000000)
  region size 1024K, 5 young (5120K), 5 survivors (5120K)
 Metaspace       used 20642K, capacity 21150K, committed 21296K, reserved 1069056K
  class space    used 2224K, capacity 2430K, committed 2432K, reserved 1048576K
}
Event: 4.262 GC heap before
{Heap before GC invocations=3 (full 0):
 garbage-first heap   total 129024K, used 27168K [0x0000000082200000, 0x0000000100000000)
  region size 1024K, 26 young (26624K), 5 survivors (5120K)
 Metaspace       used 24529K, capacity 25107K, committed 25264K, reserved 1071104K
  class space    used 2748K, capacity 2988K, committed 3072K, reserved 1048576K
}
Event: 4.269 GC heap after
{Heap after GC invocations=4 (full 0):
 garbage-first heap   total 129024K, used 7590K [0x0000000082200000, 0x0000000100000000)
  region size 1024K, 2 young (2048K), 2 survivors (2048K)
 Metaspace       used 24529K, capacity 25107K, committed 25264K, reserved 1071104K
  class space    used 2748K, capacity 2988K, committed 3072K, reserved 1048576K
}
Event: 8.719 GC heap before
{Heap before GC invocations=4 (full 0):
 garbage-first heap   total 129024K, used 61862K [0x0000000082200000, 0x0000000100000000)
  region size 1024K, 56 young (57344K), 2 survivors (2048K)
 Metaspace       used 32309K, capacity 33234K, committed 33456K, reserved 1079296K
  class space    used 3671K, capacity 4057K, committed 4096K, reserved 1048576K
}
Event: 8.726 GC heap after
{Heap after GC invocations=5 (full 0):
 garbage-first heap   total 129024K, used 10498K [0x0000000082200000, 0x0000000100000000)
  region size 1024K, 4 young (4096K), 4 survivors (4096K)
 Metaspace       used 32309K, capacity 33234K, committed 33456K, reserved 1079296K
  class space    used 3671K, capacity 4057K, committed 4096K, reserved 1048576K
}
Event: 9.954 GC heap before
{Heap before GC invocations=5 (full 0):
 garbage-first heap   total 129024K, used 28930K [0x0000000082200000, 0x0000000100000000)
  region size 1024K, 23 young (23552K), 4 survivors (4096K)
 Metaspace       used 34514K, capacity 35494K, committed 35632K, reserved 1081344K
  class space    used 3962K, capacity 4377K, committed 4480K, reserved 1048576K
}
Event: 9.961 GC heap after
{Heap after GC invocations=6 (full 0):
 garbage-first heap   total 129024K, used 12192K [0x0000000082200000, 0x0000000100000000)
  region size 1024K, 6 young (6144K), 6 survivors (6144K)
 Metaspace       used 34514K, capacity 35494K, committed 35632K, reserved 1081344K
  class space    used 3962K, capacity 4377K, committed 4480K, reserved 1048576K
}

